CalorieCounterApp/app/build/intermediates/manifest_merge_blame_file/debug/manifest-merger-blame-debug-report.txt
1<?xml version="1.0" encoding="utf-8"?>
2<manifest xmlns:android="http://schemas.android.com/apk/res/android"
3    package="com.example.caloriecounter"
4    android:versionCode="1"
5    android:versionName="1.0" >
6
7    <uses-sdk
8        android:minSdkVersion="14"
8-->src/main/AndroidManifest.xml
9        android:targetSdkVersion="29" />
9-->src/main/AndroidManifest.xml
10
11    <uses-permission android:name="android.permission.CAMERA" />
11-->src/main/AndroidManifest.xml:5:5-64
11-->src/main/AndroidManifest.xml:5:22-62
12    <uses-permission android:name="android.permission.WRITE_EXTERNAL_STORAGE" />
12-->src/main/AndroidManifest.xml:6:5-81
12-->src/main/AndroidManifest.xml:6:22-78
13    <uses-permission android:name="android.permission.READ_EXTERNAL_STORAGE" />
13-->src/main/AndroidManifest.xml:7:5-80
13-->src/main/AndroidManifest.xml:7:22-77
14
15    <application
15-->src/main/AndroidManifest.xml:9:5-40:19
16        android:allowBackup="true"
16-->src/main/AndroidManifest.xml:10:9-35
17        android:appComponentFactory="androidx.core.app.CoreComponentFactory"
17-->[androidx.core:core:1.0.1] AndroidManifest.xml:22:18-86
18        android:debuggable="true"
19        android:icon="@mipmap/ic_launcher"
19-->src/main/AndroidManifest.xml:11:9-43
20        android:label="@string/app_name"
20-->src/main/AndroidManifest.xml:12:9-41
21        android:roundIcon="@mipmap/ic_launcher_round"
21-->src/main/AndroidManifest.xml:13:9-54
22        android:supportsRtl="true"
22-->src/main/AndroidManifest.xml:14:9-35
23        android:testOnly="true"
24        android:theme="@style/AppTheme" >
24-->src/main/AndroidManifest.xml:15:9-40
25        <activity android:name="com.example.caloriecounter.MainActivity" >
25-->src/main/AndroidManifest.xml:16:9-22:20
25-->src/main/AndroidManifest.xml:16:19-47
26            <intent-filter>
26-->src/main/AndroidManifest.xml:17:13-21:29
27                <action android:name="android.intent.action.MAIN" />
27-->src/main/AndroidManifest.xml:18:17-69
27-->src/main/AndroidManifest.xml:18:25-66
28
29                <category android:name="android.intent.category.LAUNCHER" />
29-->src/main/AndroidManifest.xml:20:17-77
29-->src/main/AndroidManifest.xml:20:27-74
30            </intent-filter>
31        </activity>
32
33        <meta-data
33-->src/main/AndroidManifest.xml:24:9-26:35
34            android:name="com.google.android.gms.vision.DEPENDENCIES"
34-->src/main/AndroidManifest.xml:25:13-70
35            android:value="ocr" />
35-->src/main/AndroidManifest.xml:26:13-32
36        <meta-data
36-->src/main/AndroidManifest.xml:27:9-29:57
37            android:name="preloaded_fonts"
37-->src/main/AndroidManifest.xml:28:13-43
38            android:resource="@array/preloaded_fonts" />
38-->src/main/AndroidManifest.xml:29:13-54
39
40        <activity
40-->src/main/AndroidManifest.xml:31:9-33:58
41            android:name="com.example.caloriecounter.text"
41-->src/main/AndroidManifest.xml:32:13-33
42            android:theme="@style/AppTheme.NoActionBar" />
42-->src/main/AndroidManifest.xml:33:13-56
43        <activity
43-->src/main/AndroidManifest.xml:35:9-38:68
44            android:name="com.example.caloriecounter.Second"
44-->src/main/AndroidManifest.xml:36:13-35
45            android:label="@string/title_activity_second"
45-->src/main/AndroidManifest.xml:37:13-58
46            android:theme="@style/AppTheme.NoActionBar" />
46-->src/main/AndroidManifest.xml:38:13-56
47        <activity
47-->[com.google.android.gms:play-services-base:9.8.0] AndroidManifest.xml:19:9-172
48            android:name="com.google.android.gms.common.api.GoogleApiActivity"
48-->[com.google.android.gms:play-services-base:9.8.0] AndroidManifest.xml:19:19-85
49            android:exported="false"
49-->[com.google.android.gms:play-services-base:9.8.0] AndroidManifest.xml:19:146-170
50            android:theme="@android:style/Theme.Translucent.NoTitleBar" />
50-->[com.google.android.gms:play-services-base:9.8.0] AndroidManifest.xml:19:86-145
51
52        <meta-data
52-->[com.google.android.gms:play-services-basement:9.8.0] AndroidManifest.xml:20:9-121
53            android:name="com.google.android.gms.version"
53-->[com.google.android.gms:play-services-basement:9.8.0] AndroidManifest.xml:20:20-65
54            android:value="@integer/google_play_services_version" />
54-->[com.google.android.gms:play-services-basement:9.8.0] AndroidManifest.xml:20:66-119
55    </application>
56
57</manifest>